{"/home/nslee333/cs/simple-website/src/components/Contact.js": {"path":"/home/nslee333/cs/simple-website/src/components/Contact.js","statementMap":{"0":{"start":{"line":1,"column":24},"end":{"line":1,"column":34}},"1":{"start":{"line":2,"column":21},"end":{"line":81,"column":null}}},"fnMap":{"0":{"name":"(anonymous_0)","decl":{"start":{"line":1,"column":24},"end":{"line":1,"column":34}},"loc":{"start":{"line":1,"column":24},"end":{"line":1,"column":34}}},"1":{"name":"(anonymous_2)","decl":{"start":{"line":2,"column":21},"end":{"line":2,"column":27}},"loc":{"start":{"line":2,"column":27},"end":{"line":81,"column":null}}}},"branchMap":{},"s":{"0":9,"1":9},"f":{"0":18,"1":9},"b":{}}
,"/home/nslee333/cs/simple-website/src/components/Footer.js": {"path":"/home/nslee333/cs/simple-website/src/components/Footer.js","statementMap":{"0":{"start":{"line":5,"column":24},"end":{"line":5,"column":33}},"1":{"start":{"line":1,"column":18},"end":{"line":1,"column":null}},"2":{"start":{"line":2,"column":24},"end":{"line":2,"column":null}},"3":{"start":{"line":3,"column":18},"end":{"line":3,"column":null}}},"fnMap":{"0":{"name":"(anonymous_0)","decl":{"start":{"line":5,"column":24},"end":{"line":5,"column":33}},"loc":{"start":{"line":5,"column":24},"end":{"line":5,"column":33}}}},"branchMap":{},"s":{"0":5,"1":5,"2":5,"3":5},"f":{"0":10},"b":{}}
,"/home/nslee333/cs/simple-website/src/components/Gallery.js": {"path":"/home/nslee333/cs/simple-website/src/components/Gallery.js","statementMap":{"0":{"start":{"line":10,"column":24},"end":{"line":10,"column":32}},"1":{"start":{"line":1,"column":18},"end":{"line":1,"column":null}},"2":{"start":{"line":2,"column":39},"end":{"line":2,"column":null}},"3":{"start":{"line":3,"column":36},"end":{"line":3,"column":null}},"4":{"start":{"line":4,"column":18},"end":{"line":4,"column":null}},"5":{"start":{"line":5,"column":23},"end":{"line":5,"column":null}},"6":{"start":{"line":7,"column":7},"end":{"line":7,"column":null}},"7":{"start":{"line":8,"column":7},"end":{"line":8,"column":null}},"8":{"start":{"line":11,"column":20},"end":{"line":11,"column":32}},"9":{"start":{"line":40,"column":14},"end":{"line":41,"column":null}}},"fnMap":{"0":{"name":"(anonymous_0)","decl":{"start":{"line":10,"column":24},"end":{"line":10,"column":32}},"loc":{"start":{"line":10,"column":24},"end":{"line":10,"column":32}}},"1":{"name":"(anonymous_3)","decl":{"start":{"line":39,"column":26},"end":{"line":39,"column":27}},"loc":{"start":{"line":39,"column":44},"end":{"line":53,"column":null}}}},"branchMap":{"0":{"loc":{"start":{"line":38,"column":11},"end":{"line":55,"column":null}},"type":"cond-expr","locations":[{"start":{"line":39,"column":12},"end":{"line":53,"column":null}},{"start":{"line":55,"column":12},"end":{"line":55,"column":null}}]}},"s":{"0":6,"1":4,"2":4,"3":4,"4":4,"5":4,"6":4,"7":4,"8":6,"9":0},"f":{"0":12,"1":0},"b":{"0":[0,6]}}
,"/home/nslee333/cs/simple-website/src/components/Header.js": {"path":"/home/nslee333/cs/simple-website/src/components/Header.js","statementMap":{"0":{"start":{"line":4,"column":24},"end":{"line":4,"column":33}},"1":{"start":{"line":1,"column":18},"end":{"line":1,"column":null}},"2":{"start":{"line":2,"column":24},"end":{"line":2,"column":null}}},"fnMap":{"0":{"name":"(anonymous_0)","decl":{"start":{"line":4,"column":24},"end":{"line":4,"column":33}},"loc":{"start":{"line":4,"column":24},"end":{"line":4,"column":33}}}},"branchMap":{},"s":{"0":4,"1":5,"2":5},"f":{"0":8},"b":{}}
,"/home/nslee333/cs/simple-website/src/components/MemberSpotlight.js": {"path":"/home/nslee333/cs/simple-website/src/components/MemberSpotlight.js","statementMap":{"0":{"start":{"line":5,"column":24},"end":{"line":5,"column":40}},"1":{"start":{"line":121,"column":13},"end":{"line":121,"column":19}},"2":{"start":{"line":128,"column":22},"end":{"line":128,"column":36}},"3":{"start":{"line":1,"column":18},"end":{"line":1,"column":null}},"4":{"start":{"line":2,"column":29},"end":{"line":2,"column":null}},"5":{"start":{"line":3,"column":23},"end":{"line":3,"column":null}},"6":{"start":{"line":121,"column":22},"end":{"line":126,"column":null}},"7":{"start":{"line":129,"column":17},"end":{"line":129,"column":null}},"8":{"start":{"line":131,"column":2},"end":{"line":135,"column":null}}},"fnMap":{"0":{"name":"(anonymous_1)","decl":{"start":{"line":119,"column":1},"end":{"line":119,"column":null}},"loc":{"start":{"line":5,"column":24},"end":{"line":5,"column":40}}},"1":{"name":"(anonymous_2)","decl":{"start":{"line":121,"column":19},"end":{"line":121,"column":22}},"loc":{"start":{"line":121,"column":13},"end":{"line":121,"column":19}}},"2":{"name":"(anonymous_3)","decl":{"start":{"line":128,"column":36},"end":{"line":128,"column":39}},"loc":{"start":{"line":128,"column":22},"end":{"line":128,"column":36}}},"3":{"name":"MemberSpotlight","decl":{"start":{"line":5,"column":24},"end":{"line":5,"column":40}},"loc":{"start":{"line":5,"column":48},"end":{"line":119,"column":1}}},"4":{"name":"getStaticProps","decl":{"start":{"line":128,"column":22},"end":{"line":128,"column":36}},"loc":{"start":{"line":128,"column":39},"end":{"line":136,"column":null}}}},"branchMap":{"0":{"loc":{"start":{"line":8,"column":7},"end":{"line":115,"column":null}},"type":"cond-expr","locations":[{"start":{"line":9,"column":8},"end":{"line":115,"column":9}},{"start":{"line":115,"column":8},"end":{"line":115,"column":null}}]}},"s":{"0":7,"1":0,"2":1,"3":4,"4":4,"5":4,"6":4,"7":1,"8":0},"f":{"0":7,"1":0,"2":1,"3":6,"4":1},"b":{"0":[0,6]}}
,"/home/nslee333/cs/simple-website/src/components/Newsletter.js": {"path":"/home/nslee333/cs/simple-website/src/components/Newsletter.js","statementMap":{"0":{"start":{"line":3,"column":24},"end":{"line":3,"column":37}},"1":{"start":{"line":1,"column":23},"end":{"line":1,"column":null}}},"fnMap":{"0":{"name":"(anonymous_0)","decl":{"start":{"line":3,"column":24},"end":{"line":3,"column":37}},"loc":{"start":{"line":3,"column":24},"end":{"line":3,"column":37}}}},"branchMap":{},"s":{"0":8,"1":6},"f":{"0":16},"b":{}}
,"/home/nslee333/cs/simple-website/src/components/Share.js": {"path":"/home/nslee333/cs/simple-website/src/components/Share.js","statementMap":{"0":{"start":{"line":1,"column":24},"end":{"line":1,"column":32}}},"fnMap":{"0":{"name":"(anonymous_0)","decl":{"start":{"line":1,"column":24},"end":{"line":1,"column":32}},"loc":{"start":{"line":1,"column":24},"end":{"line":1,"column":32}}}},"branchMap":{},"s":{"0":9},"f":{"0":18},"b":{}}
,"/home/nslee333/cs/simple-website/src/components/SignupForm.js": {"path":"/home/nslee333/cs/simple-website/src/components/SignupForm.js","statementMap":{"0":{"start":{"line":1,"column":24},"end":{"line":1,"column":37}}},"fnMap":{"0":{"name":"(anonymous_0)","decl":{"start":{"line":1,"column":24},"end":{"line":1,"column":37}},"loc":{"start":{"line":1,"column":24},"end":{"line":1,"column":37}}}},"branchMap":{},"s":{"0":13},"f":{"0":26},"b":{}}
,"/home/nslee333/cs/simple-website/src/components/Socials.js": {"path":"/home/nslee333/cs/simple-website/src/components/Socials.js","statementMap":{"0":{"start":{"line":6,"column":24},"end":{"line":6,"column":34}},"1":{"start":{"line":1,"column":23},"end":{"line":1,"column":null}},"2":{"start":{"line":2,"column":24},"end":{"line":2,"column":null}},"3":{"start":{"line":3,"column":25},"end":{"line":3,"column":null}},"4":{"start":{"line":4,"column":18},"end":{"line":4,"column":null}}},"fnMap":{"0":{"name":"(anonymous_0)","decl":{"start":{"line":6,"column":24},"end":{"line":6,"column":34}},"loc":{"start":{"line":6,"column":24},"end":{"line":6,"column":34}}}},"branchMap":{},"s":{"0":9,"1":5,"2":5,"3":5,"4":5},"f":{"0":18},"b":{}}
,"/home/nslee333/cs/simple-website/src/components/Sponsors.js": {"path":"/home/nslee333/cs/simple-website/src/components/Sponsors.js","statementMap":{"0":{"start":{"line":7,"column":24},"end":{"line":7,"column":35}},"1":{"start":{"line":1,"column":23},"end":{"line":1,"column":null}},"2":{"start":{"line":2,"column":16},"end":{"line":2,"column":null}},"3":{"start":{"line":3,"column":19},"end":{"line":3,"column":null}},"4":{"start":{"line":4,"column":20},"end":{"line":4,"column":null}},"5":{"start":{"line":5,"column":18},"end":{"line":5,"column":null}}},"fnMap":{"0":{"name":"(anonymous_0)","decl":{"start":{"line":7,"column":24},"end":{"line":7,"column":35}},"loc":{"start":{"line":7,"column":24},"end":{"line":7,"column":35}}}},"branchMap":{},"s":{"0":11,"1":5,"2":5,"3":5,"4":5,"5":5},"f":{"0":22},"b":{}}
,"/home/nslee333/cs/simple-website/src/components/StayConnected.js": {"path":"/home/nslee333/cs/simple-website/src/components/StayConnected.js","statementMap":{"0":{"start":{"line":4,"column":24},"end":{"line":4,"column":36}},"1":{"start":{"line":1,"column":23},"end":{"line":1,"column":null}},"2":{"start":{"line":2,"column":18},"end":{"line":2,"column":null}}},"fnMap":{"0":{"name":"(anonymous_0)","decl":{"start":{"line":4,"column":24},"end":{"line":4,"column":36}},"loc":{"start":{"line":4,"column":24},"end":{"line":4,"column":36}}}},"branchMap":{},"s":{"0":6,"1":5,"2":5},"f":{"0":12},"b":{}}
,"/home/nslee333/cs/simple-website/src/components/Welcome.js": {"path":"/home/nslee333/cs/simple-website/src/components/Welcome.js","statementMap":{"0":{"start":{"line":3,"column":24},"end":{"line":3,"column":34}},"1":{"start":{"line":1,"column":18},"end":{"line":1,"column":null}}},"fnMap":{"0":{"name":"(anonymous_0)","decl":{"start":{"line":3,"column":24},"end":{"line":3,"column":34}},"loc":{"start":{"line":3,"column":24},"end":{"line":3,"column":34}}}},"branchMap":{},"s":{"0":6,"1":5},"f":{"0":12},"b":{}}
,"/home/nslee333/cs/simple-website/src/pages/Home.js": {"path":"/home/nslee333/cs/simple-website/src/pages/Home.js","statementMap":{"0":{"start":{"line":10,"column":24},"end":{"line":10,"column":29}},"1":{"start":{"line":1,"column":18},"end":{"line":1,"column":null}},"2":{"start":{"line":2,"column":20},"end":{"line":2,"column":null}},"3":{"start":{"line":3,"column":21},"end":{"line":3,"column":null}},"4":{"start":{"line":4,"column":20},"end":{"line":4,"column":null}},"5":{"start":{"line":5,"column":20},"end":{"line":5,"column":null}},"6":{"start":{"line":6,"column":22},"end":{"line":6,"column":null}},"7":{"start":{"line":7,"column":28},"end":{"line":7,"column":null}},"8":{"start":{"line":8,"column":20},"end":{"line":8,"column":null}}},"fnMap":{"0":{"name":"(anonymous_0)","decl":{"start":{"line":10,"column":24},"end":{"line":10,"column":29}},"loc":{"start":{"line":10,"column":24},"end":{"line":10,"column":29}}}},"branchMap":{},"s":{"0":4,"1":4,"2":4,"3":4,"4":4,"5":4,"6":4,"7":4,"8":4},"f":{"0":8},"b":{}}
,"/home/nslee333/cs/simple-website/src/pages/index.js": {"path":"/home/nslee333/cs/simple-website/src/pages/index.js","statementMap":{"0":{"start":{"line":25,"column":13},"end":{"line":25,"column":19}},"1":{"start":{"line":32,"column":13},"end":{"line":32,"column":20}},"2":{"start":{"line":34,"column":16},"end":{"line":34,"column":22}},"3":{"start":{"line":38,"column":22},"end":{"line":38,"column":36}},"4":{"start":{"line":50,"column":0},"end":{"line":50,"column":15}},"5":{"start":{"line":1,"column":17},"end":{"line":1,"column":null}},"6":{"start":{"line":2,"column":19},"end":{"line":2,"column":null}},"7":{"start":{"line":3,"column":19},"end":{"line":3,"column":null}},"8":{"start":{"line":4,"column":29},"end":{"line":4,"column":null}},"9":{"start":{"line":5,"column":28},"end":{"line":5,"column":null}},"10":{"start":{"line":25,"column":22},"end":{"line":30,"column":null}},"11":{"start":{"line":32,"column":23},"end":{"line":32,"column":null}},"12":{"start":{"line":35,"column":2},"end":{"line":35,"column":null}},"13":{"start":{"line":39,"column":17},"end":{"line":39,"column":null}},"14":{"start":{"line":40,"column":17},"end":{"line":40,"column":null}},"15":{"start":{"line":42,"column":2},"end":{"line":47,"column":null}},"16":{"start":{"line":50,"column":15},"end":{"line":50,"column":19}}},"fnMap":{"0":{"name":"(anonymous_1)","decl":{"start":{"line":25,"column":19},"end":{"line":25,"column":22}},"loc":{"start":{"line":25,"column":13},"end":{"line":25,"column":19}}},"1":{"name":"(anonymous_2)","decl":{"start":{"line":32,"column":20},"end":{"line":32,"column":23}},"loc":{"start":{"line":32,"column":13},"end":{"line":32,"column":20}}},"2":{"name":"(anonymous_3)","decl":{"start":{"line":34,"column":22},"end":{"line":34,"column":23}},"loc":{"start":{"line":34,"column":16},"end":{"line":34,"column":22}}},"3":{"name":"(anonymous_4)","decl":{"start":{"line":38,"column":36},"end":{"line":38,"column":39}},"loc":{"start":{"line":38,"column":22},"end":{"line":38,"column":36}}},"4":{"name":"(anonymous_5)","decl":{"start":{"line":50,"column":19},"end":{"line":50,"column":null}},"loc":{"start":{"line":50,"column":0},"end":{"line":50,"column":15}}},"5":{"name":"App","decl":{"start":{"line":7,"column":9},"end":{"line":7,"column":13}},"loc":{"start":{"line":7,"column":33},"end":{"line":23,"column":null}}},"6":{"name":"urlFor","decl":{"start":{"line":34,"column":16},"end":{"line":34,"column":22}},"loc":{"start":{"line":34,"column":31},"end":{"line":36,"column":null}}},"7":{"name":"getStaticProps","decl":{"start":{"line":38,"column":22},"end":{"line":38,"column":36}},"loc":{"start":{"line":38,"column":39},"end":{"line":48,"column":null}}}},"branchMap":{},"s":{"0":1,"1":1,"2":0,"3":1,"4":2,"5":4,"6":4,"7":4,"8":4,"9":4,"10":4,"11":4,"12":0,"13":0,"14":0,"15":0,"16":4},"f":{"0":1,"1":1,"2":0,"3":1,"4":2,"5":2,"6":0,"7":0},"b":{}}
}
