TN:
SF:src/components/Contact.js
FN:1,(anonymous_0)
FN:2,(anonymous_2)
FNF:2
FNH:2
FNDA:18,(anonymous_0)
FNDA:9,(anonymous_2)
DA:1,9
DA:2,9
LF:2
LH:2
BRF:0
BRH:0
end_of_record
TN:
SF:src/components/Footer.js
FN:5,(anonymous_0)
FNF:1
FNH:1
FNDA:10,(anonymous_0)
DA:1,5
DA:2,5
DA:3,5
DA:5,5
LF:4
LH:4
BRF:0
BRH:0
end_of_record
TN:
SF:src/components/Gallery.js
FN:10,(anonymous_0)
FN:39,(anonymous_3)
FNF:2
FNH:1
FNDA:12,(anonymous_0)
FNDA:0,(anonymous_3)
DA:1,4
DA:2,4
DA:3,4
DA:4,4
DA:5,4
DA:7,4
DA:8,4
DA:10,6
DA:11,6
DA:40,0
LF:10
LH:9
BRDA:38,0,0,0
BRDA:38,0,1,6
BRF:2
BRH:1
end_of_record
TN:
SF:src/components/Header.js
FN:4,(anonymous_0)
FNF:1
FNH:1
FNDA:8,(anonymous_0)
DA:1,5
DA:2,5
DA:4,4
LF:3
LH:3
BRF:0
BRH:0
end_of_record
TN:
SF:src/components/MemberSpotlight.js
FN:119,(anonymous_1)
FN:121,(anonymous_2)
FN:128,(anonymous_3)
FN:5,MemberSpotlight
FN:128,getStaticProps
FNF:5
FNH:4
FNDA:7,(anonymous_1)
FNDA:0,(anonymous_2)
FNDA:1,(anonymous_3)
FNDA:6,MemberSpotlight
FNDA:1,getStaticProps
DA:1,4
DA:2,4
DA:3,4
DA:5,7
DA:121,4
DA:128,1
DA:129,1
DA:131,0
LF:8
LH:7
BRDA:8,0,0,0
BRDA:8,0,1,6
BRF:2
BRH:1
end_of_record
TN:
SF:src/components/Newsletter.js
FN:3,(anonymous_0)
FNF:1
FNH:1
FNDA:16,(anonymous_0)
DA:1,6
DA:3,8
LF:2
LH:2
BRF:0
BRH:0
end_of_record
TN:
SF:src/components/Share.js
FN:1,(anonymous_0)
FNF:1
FNH:1
FNDA:18,(anonymous_0)
DA:1,9
LF:1
LH:1
BRF:0
BRH:0
end_of_record
TN:
SF:src/components/SignupForm.js
FN:1,(anonymous_0)
FNF:1
FNH:1
FNDA:26,(anonymous_0)
DA:1,13
LF:1
LH:1
BRF:0
BRH:0
end_of_record
TN:
SF:src/components/Socials.js
FN:6,(anonymous_0)
FNF:1
FNH:1
FNDA:18,(anonymous_0)
DA:1,5
DA:2,5
DA:3,5
DA:4,5
DA:6,9
LF:5
LH:5
BRF:0
BRH:0
end_of_record
TN:
SF:src/components/Sponsors.js
FN:7,(anonymous_0)
FNF:1
FNH:1
FNDA:22,(anonymous_0)
DA:1,5
DA:2,5
DA:3,5
DA:4,5
DA:5,5
DA:7,11
LF:6
LH:6
BRF:0
BRH:0
end_of_record
TN:
SF:src/components/StayConnected.js
FN:4,(anonymous_0)
FNF:1
FNH:1
FNDA:12,(anonymous_0)
DA:1,5
DA:2,5
DA:4,6
LF:3
LH:3
BRF:0
BRH:0
end_of_record
TN:
SF:src/components/Welcome.js
FN:3,(anonymous_0)
FNF:1
FNH:1
FNDA:12,(anonymous_0)
DA:1,5
DA:3,6
LF:2
LH:2
BRF:0
BRH:0
end_of_record
TN:
SF:src/pages/Home.js
FN:10,(anonymous_0)
FNF:1
FNH:1
FNDA:8,(anonymous_0)
DA:1,4
DA:2,4
DA:3,4
DA:4,4
DA:5,4
DA:6,4
DA:7,4
DA:8,4
DA:10,4
LF:9
LH:9
BRF:0
BRH:0
end_of_record
TN:
SF:src/pages/index.js
FN:25,(anonymous_1)
FN:32,(anonymous_2)
FN:34,(anonymous_3)
FN:38,(anonymous_4)
FN:50,(anonymous_5)
FN:7,App
FN:34,urlFor
FN:38,getStaticProps
FNF:8
FNH:5
FNDA:1,(anonymous_1)
FNDA:1,(anonymous_2)
FNDA:0,(anonymous_3)
FNDA:1,(anonymous_4)
FNDA:2,(anonymous_5)
FNDA:2,App
FNDA:0,urlFor
FNDA:0,getStaticProps
DA:1,4
DA:2,4
DA:3,4
DA:4,4
DA:5,4
DA:25,4
DA:32,4
DA:34,0
DA:35,0
DA:38,1
DA:39,0
DA:40,0
DA:42,0
DA:50,4
LF:14
LH:9
BRF:0
BRH:0
end_of_record
